[8803:0825/214315:ERROR:browser_main_loop.cc(170)] Running without the SUID sandbox! See https://code.google.com/p/chromium/wiki/LinuxSUIDSandboxDevelopment for more information on developing with the sandbox on.
ATTENTION: default value of option force_s3tc_enable overridden by environment.
App load time: 253ms
[8886:0825/214315:INFO:renderer_main.cc(212)] Renderer process started
[8803:0825/214316:INFO:CONSOLE(133)] "Loading Emmet extensions from", source: /home/andrei/dotfiles/atom/packages/emmet/lib/emmet.coffee (133)
[8803:0825/214316:INFO:CONSOLE(150)] "Emmet: no such extension folder:", source: /home/andrei/dotfiles/atom/packages/emmet/lib/emmet.coffee (150)
[8803:0825/214316:INFO:CONSOLE(28)] "Setting GTK theme variant to "dark".", source: /home/andrei/dotfiles/atom/packages/gtk-dark-theme/lib/gtk-dark-theme.js (28)
[8803:0825/214317:INFO:CONSOLE(56)] "Window load time: 1021ms", source: file:///usr/share/atom/resources/app.asar/static/index.js (56)
[9686:0825/214735:INFO:renderer_main.cc(212)] Renderer process started
[8803:0825/214737:INFO:CONSOLE(685)] "Error deactivating package 'nuclide-click-to-symbol'", source: /usr/share/atom/resources/app.asar/src/package.js (685)
[8803:0825/214738:INFO:CONSOLE(133)] "Loading Emmet extensions from", source: /home/andrei/dotfiles/atom/packages/emmet/lib/emmet.coffee (133)
[8803:0825/214738:INFO:CONSOLE(150)] "Emmet: no such extension folder:", source: /home/andrei/dotfiles/atom/packages/emmet/lib/emmet.coffee (150)
[8803:0825/214738:INFO:CONSOLE(28)] "Setting GTK theme variant to "dark".", source: /home/andrei/dotfiles/atom/packages/gtk-dark-theme/lib/gtk-dark-theme.js (28)
[8803:0825/214738:INFO:CONSOLE(56)] "Window load time: 1033ms", source: file:///usr/share/atom/resources/app.asar/static/index.js (56)
[8803:0825/214844:INFO:CONSOLE(70)] "[atom-ctags:readTags] /home/andrei/Dev/riweb/.tags start...", source: /home/andrei/dotfiles/atom/packages/atom-ctags/lib/ctags-cache.coffee (70)
[8803:0825/214853:INFO:CONSOLE(91)] "[atom-ctags:readTags] /home/andrei/Dev/riweb/.tags cost: 8895ms", source: /home/andrei/dotfiles/atom/packages/atom-ctags/lib/ctags-cache.coffee (91)
[8803:0825/215040:INFO:CONSOLE(105)] "[atom-ctags:findTags] tags empty, did you RebuildTags or set extraTagFiles?", source: /home/andrei/dotfiles/atom/packages/atom-ctags/lib/ctags-cache.coffee (105)
[8803:0825/215107:INFO:CONSOLE(105)] "[atom-ctags:findTags] tags empty, did you RebuildTags or set extraTagFiles?", source: /home/andrei/dotfiles/atom/packages/atom-ctags/lib/ctags-cache.coffee (105)
[8803:0825/215107:INFO:CONSOLE(105)] "[atom-ctags:findTags] tags empty, did you RebuildTags or set extraTagFiles?", source: /home/andrei/dotfiles/atom/packages/atom-ctags/lib/ctags-cache.coffee (105)
[8803:0825/215121:INFO:CONSOLE(105)] "[atom-ctags:findTags] tags empty, did you RebuildTags or set extraTagFiles?", source: /home/andrei/dotfiles/atom/packages/atom-ctags/lib/ctags-cache.coffee (105)
[8803:0825/215121:INFO:CONSOLE(105)] "[atom-ctags:findTags] tags empty, did you RebuildTags or set extraTagFiles?", source: /home/andrei/dotfiles/atom/packages/atom-ctags/lib/ctags-cache.coffee (105)
[8803:0825/215124:INFO:CONSOLE(105)] "[atom-ctags:findTags] tags empty, did you RebuildTags or set extraTagFiles?", source: /home/andrei/dotfiles/atom/packages/atom-ctags/lib/ctags-cache.coffee (105)
[8803:0825/215124:INFO:CONSOLE(105)] "[atom-ctags:findTags] tags empty, did you RebuildTags or set extraTagFiles?", source: /home/andrei/dotfiles/atom/packages/atom-ctags/lib/ctags-cache.coffee (105)
[8803:0825/215124:INFO:CONSOLE(105)] "[atom-ctags:findTags] tags empty, did you RebuildTags or set extraTagFiles?", source: /home/andrei/dotfiles/atom/packages/atom-ctags/lib/ctags-cache.coffee (105)
[8803:0825/215129:INFO:CONSOLE(105)] "[atom-ctags:findTags] tags empty, did you RebuildTags or set extraTagFiles?", source: /home/andrei/dotfiles/atom/packages/atom-ctags/lib/ctags-cache.coffee (105)
[8803:0825/215134:INFO:CONSOLE(131)] "[atom-ctags:rebuild] start @/home/andrei/Dev/riweb/client/app/myaccount/myaccount.controller.js@ tags...", source: /home/andrei/dotfiles/atom/packages/atom-ctags/lib/ctags-cache.coffee (131)
[8803:0825/215134:INFO:CONSOLE(81)] "atom-ctags: command error, ctags-linux: Warning: Language "Go" already defined
", source: /home/andrei/dotfiles/atom/packages/atom-ctags/lib/tag-generator.coffee (81)
[8803:0825/215134:INFO:CONSOLE(138)] "[atom-ctags:rebuild] command done @/home/andrei/Dev/riweb/client/app/myaccount/myaccount.controller.js@ tags. cost: 26ms", source: /home/andrei/dotfiles/atom/packages/atom-ctags/lib/ctags-cache.coffee (138)
[8803:0825/215134:INFO:CONSOLE(70)] "[atom-ctags:readTags] /home/andrei/Dev/riweb/.tags1 start...", source: /home/andrei/dotfiles/atom/packages/atom-ctags/lib/ctags-cache.coffee (70)
[8803:0825/215134:INFO:CONSOLE(91)] "[atom-ctags:readTags] /home/andrei/Dev/riweb/.tags1 cost: 1ms", source: /home/andrei/dotfiles/atom/packages/atom-ctags/lib/ctags-cache.coffee (91)
[8803:0825/215134:INFO:CONSOLE(39)] "stderr: grep: /home/andrei/Dev/riweb/.tags: No such file or directory
", source: /home/andrei/dotfiles/atom/packages/atom-ctags/lib/tag-generator.coffee (39)
[8803:0825/215313:INFO:CONSOLE(105)] "[atom-ctags:findTags] tags empty, did you RebuildTags or set extraTagFiles?", source: /home/andrei/dotfiles/atom/packages/atom-ctags/lib/ctags-cache.coffee (105)
[8803:0825/215336:INFO:CONSOLE(105)] "[atom-ctags:findTags] tags empty, did you RebuildTags or set extraTagFiles?", source: /home/andrei/dotfiles/atom/packages/atom-ctags/lib/ctags-cache.coffee (105)
[8803:0825/215336:INFO:CONSOLE(105)] "[atom-ctags:findTags] tags empty, did you RebuildTags or set extraTagFiles?", source: /home/andrei/dotfiles/atom/packages/atom-ctags/lib/ctags-cache.coffee (105)
[8803:0825/215337:INFO:CONSOLE(105)] "[atom-ctags:findTags] tags empty, did you RebuildTags or set extraTagFiles?", source: /home/andrei/dotfiles/atom/packages/atom-ctags/lib/ctags-cache.coffee (105)
[8803:0825/215337:INFO:CONSOLE(105)] "[atom-ctags:findTags] tags empty, did you RebuildTags or set extraTagFiles?", source: /home/andrei/dotfiles/atom/packages/atom-ctags/lib/ctags-cache.coffee (105)
[8803:0825/215337:INFO:CONSOLE(105)] "[atom-ctags:findTags] tags empty, did you RebuildTags or set extraTagFiles?", source: /home/andrei/dotfiles/atom/packages/atom-ctags/lib/ctags-cache.coffee (105)
[8803:0825/215358:INFO:CONSOLE(105)] "[atom-ctags:findTags] tags empty, did you RebuildTags or set extraTagFiles?", source: /home/andrei/dotfiles/atom/packages/atom-ctags/lib/ctags-cache.coffee (105)
[8803:0825/215359:INFO:CONSOLE(105)] "[atom-ctags:findTags] tags empty, did you RebuildTags or set extraTagFiles?", source: /home/andrei/dotfiles/atom/packages/atom-ctags/lib/ctags-cache.coffee (105)
[8803:0825/215359:INFO:CONSOLE(105)] "[atom-ctags:findTags] tags empty, did you RebuildTags or set extraTagFiles?", source: /home/andrei/dotfiles/atom/packages/atom-ctags/lib/ctags-cache.coffee (105)
[8803:0825/215505:INFO:CONSOLE(105)] "[atom-ctags:findTags] tags empty, did you RebuildTags or set extraTagFiles?", source: /home/andrei/dotfiles/atom/packages/atom-ctags/lib/ctags-cache.coffee (105)
[8803:0825/215509:INFO:CONSOLE(105)] "[atom-ctags:findTags] tags empty, did you RebuildTags or set extraTagFiles?", source: /home/andrei/dotfiles/atom/packages/atom-ctags/lib/ctags-cache.coffee (105)
[8803:0825/215515:INFO:CONSOLE(105)] "[atom-ctags:findTags] tags empty, did you RebuildTags or set extraTagFiles?", source: /home/andrei/dotfiles/atom/packages/atom-ctags/lib/ctags-cache.coffee (105)
[8803:0825/215516:INFO:CONSOLE(105)] "[atom-ctags:findTags] tags empty, did you RebuildTags or set extraTagFiles?", source: /home/andrei/dotfiles/atom/packages/atom-ctags/lib/ctags-cache.coffee (105)
[8803:0825/215518:INFO:CONSOLE(105)] "[atom-ctags:findTags] tags empty, did you RebuildTags or set extraTagFiles?", source: /home/andrei/dotfiles/atom/packages/atom-ctags/lib/ctags-cache.coffee (105)
[8803:0825/215518:INFO:CONSOLE(105)] "[atom-ctags:findTags] tags empty, did you RebuildTags or set extraTagFiles?", source: /home/andrei/dotfiles/atom/packages/atom-ctags/lib/ctags-cache.coffee (105)
[8803:0825/215528:INFO:CONSOLE(105)] "[atom-ctags:findTags] tags empty, did you RebuildTags or set extraTagFiles?", source: /home/andrei/dotfiles/atom/packages/atom-ctags/lib/ctags-cache.coffee (105)
[8803:0825/215532:INFO:CONSOLE(105)] "[atom-ctags:findTags] tags empty, did you RebuildTags or set extraTagFiles?", source: /home/andrei/dotfiles/atom/packages/atom-ctags/lib/ctags-cache.coffee (105)
[8803:0825/215537:INFO:CONSOLE(105)] "[atom-ctags:findTags] tags empty, did you RebuildTags or set extraTagFiles?", source: /home/andrei/dotfiles/atom/packages/atom-ctags/lib/ctags-cache.coffee (105)
[8803:0825/215537:INFO:CONSOLE(105)] "[atom-ctags:findTags] tags empty, did you RebuildTags or set extraTagFiles?", source: /home/andrei/dotfiles/atom/packages/atom-ctags/lib/ctags-cache.coffee (105)
[8803:0825/215538:INFO:CONSOLE(105)] "[atom-ctags:findTags] tags empty, did you RebuildTags or set extraTagFiles?", source: /home/andrei/dotfiles/atom/packages/atom-ctags/lib/ctags-cache.coffee (105)
[11151:0825/220006:INFO:renderer_main.cc(212)] Renderer process started
[8803:0825/220007:INFO:CONSOLE(131)] "[atom-ctags:rebuild] start @/home/andrei/Dev/riweb/client/app/RipplePeersService/RipplePeersService.service.js@ tags...", source: /home/andrei/dotfiles/atom/packages/atom-ctags/lib/ctags-cache.coffee (131)
[8803:0825/220007:INFO:CONSOLE(81)] "atom-ctags: command error, ctags-linux: Warning: Language "Go" already defined
", source: /home/andrei/dotfiles/atom/packages/atom-ctags/lib/tag-generator.coffee (81)
[8803:0825/220007:INFO:CONSOLE(138)] "[atom-ctags:rebuild] command done @/home/andrei/Dev/riweb/client/app/RipplePeersService/RipplePeersService.service.js@ tags. cost: 30ms", source: /home/andrei/dotfiles/atom/packages/atom-ctags/lib/ctags-cache.coffee (138)
[8803:0825/220007:INFO:CONSOLE(70)] "[atom-ctags:readTags] /home/andrei/Dev/riweb/.tags1 start...", source: /home/andrei/dotfiles/atom/packages/atom-ctags/lib/ctags-cache.coffee (70)
[8803:0825/220007:INFO:CONSOLE(91)] "[atom-ctags:readTags] /home/andrei/Dev/riweb/.tags1 cost: 2ms", source: /home/andrei/dotfiles/atom/packages/atom-ctags/lib/ctags-cache.coffee (91)
[8803:0825/220009:INFO:CONSOLE(131)] "[atom-ctags:rebuild] start @/home/andrei/Dev/riweb/client/app/myaccount/myaccount.controller.js@ tags...", source: /home/andrei/dotfiles/atom/packages/atom-ctags/lib/ctags-cache.coffee (131)
[8803:0825/220009:INFO:CONSOLE(81)] "atom-ctags: command error, ctags-linux: Warning: Language "Go" already defined
", source: /home/andrei/dotfiles/atom/packages/atom-ctags/lib/tag-generator.coffee (81)
[8803:0825/220009:INFO:CONSOLE(138)] "[atom-ctags:rebuild] command done @/home/andrei/Dev/riweb/client/app/myaccount/myaccount.controller.js@ tags. cost: 22ms", source: /home/andrei/dotfiles/atom/packages/atom-ctags/lib/ctags-cache.coffee (138)
[8803:0825/220009:INFO:CONSOLE(70)] "[atom-ctags:readTags] /home/andrei/Dev/riweb/.tags1 start...", source: /home/andrei/dotfiles/atom/packages/atom-ctags/lib/ctags-cache.coffee (70)
[8803:0825/220009:INFO:CONSOLE(91)] "[atom-ctags:readTags] /home/andrei/Dev/riweb/.tags1 cost: 6ms", source: /home/andrei/dotfiles/atom/packages/atom-ctags/lib/ctags-cache.coffee (91)
[8803:0825/220009:INFO:CONSOLE(685)] "Error deactivating package 'nuclide-click-to-symbol'", source: /usr/share/atom/resources/app.asar/src/package.js (685)
[8803:0825/220011:INFO:CONSOLE(70)] "[atom-ctags:readTags] /home/andrei/Dev/riweb/.tags start...", source: /home/andrei/dotfiles/atom/packages/atom-ctags/lib/ctags-cache.coffee (70)
[8803:0825/220011:INFO:CONSOLE(133)] "Loading Emmet extensions from", source: /home/andrei/dotfiles/atom/packages/emmet/lib/emmet.coffee (133)
[8803:0825/220011:INFO:CONSOLE(150)] "Emmet: no such extension folder:", source: /home/andrei/dotfiles/atom/packages/emmet/lib/emmet.coffee (150)
[8803:0825/220011:INFO:CONSOLE(28)] "Setting GTK theme variant to "dark".", source: /home/andrei/dotfiles/atom/packages/gtk-dark-theme/lib/gtk-dark-theme.js (28)
[8803:0825/220011:INFO:CONSOLE(56)] "Window load time: 1469ms", source: file:///usr/share/atom/resources/app.asar/static/index.js (56)
[8803:0825/220012:INFO:CONSOLE(91)] "[atom-ctags:readTags] /home/andrei/Dev/riweb/.tags cost: 1329ms", source: /home/andrei/dotfiles/atom/packages/atom-ctags/lib/ctags-cache.coffee (91)
[8803:0825/220014:INFO:CONSOLE(330)] "Uncaught Error: Cannot find module 'minimatch'", source: module.js (330)
[8803:0825/220014:INFO:CONSOLE(138)] "Uncaught TypeError: undefined is not a function", source: /usr/share/atom/resources/app.asar/node_modules/coffeestack/index.js (138)
[8803:0825/220015:INFO:CONSOLE(330)] "Uncaught Error: Cannot find module 'minimatch'", source: module.js (330)
[8803:0825/220015:INFO:CONSOLE(138)] "Uncaught TypeError: undefined is not a function", source: /usr/share/atom/resources/app.asar/node_modules/coffeestack/index.js (138)
[8803:0825/220015:INFO:CONSOLE(330)] "Uncaught Error: Cannot find module 'minimatch'", source: module.js (330)
[8803:0825/220015:INFO:CONSOLE(138)] "Uncaught TypeError: undefined is not a function", source: /usr/share/atom/resources/app.asar/node_modules/coffeestack/index.js (138)
[8803:0825/220015:INFO:CONSOLE(330)] "Uncaught Error: Cannot find module 'minimatch'", source: module.js (330)
[8803:0825/220015:INFO:CONSOLE(138)] "Uncaught TypeError: undefined is not a function", source: /usr/share/atom/resources/app.asar/node_modules/coffeestack/index.js (138)
[8803:0825/220017:INFO:CONSOLE(330)] "Uncaught Error: Cannot find module 'minimatch'", source: module.js (330)
[8803:0825/220017:INFO:CONSOLE(138)] "Uncaught TypeError: undefined is not a function", source: /usr/share/atom/resources/app.asar/node_modules/coffeestack/index.js (138)
[8803:0825/220018:INFO:CONSOLE(330)] "Uncaught Error: Cannot find module 'minimatch'", source: module.js (330)
[8803:0825/220018:INFO:CONSOLE(138)] "Uncaught TypeError: undefined is not a function", source: /usr/share/atom/resources/app.asar/node_modules/coffeestack/index.js (138)
